<?xml version="1.0" encoding="UTF-8"?>
<!-- Generated by org.testng.reporters.JUnitReportReporter -->
<testsuite skipped="0" hostname="DESKTOP-GQFH89F" name="test.ValidateTest" tests="1" failures="0" timestamp="06 Jul 2021 03:29:43 GMT" time="9.755" errors="0">
  <testcase name="validUserShouldBeAbleToValidateTest" time="9.755" classname="test.ValidateTest"/>
</testsuite> <!-- test.ValidateTest -->
